<?xml version="1.0" encoding="UTF-8"?>
<testng-results ignored="0" total="4" passed="4" failed="0" skipped="0">
  <reporter-output>
  </reporter-output>
  <suite started-at="2025-12-17T09:16:19 IST" name="Default suite" finished-at="2025-12-17T09:16:34 IST" duration-ms="15298">
    <groups>
      <group name="cucumber">
        <method signature="AbstractTestNGCucumberTests.runScenario(io.cucumber.testng.PickleWrapper,io.cucumber.testng.FeatureWrapper)[pri:0, instance:runners.TestRunner@69c81773]" name="runScenario" class="io.cucumber.testng.AbstractTestNGCucumberTests"/>
      </group> <!-- cucumber -->
    </groups>
    <test started-at="2025-12-17T09:16:19 IST" name="Default test" finished-at="2025-12-17T09:16:34 IST" duration-ms="15298">
      <class name="runners.TestRunner">
        <test-method is-config="true" signature="setUpClass(org.testng.ITestContext)[pri:0, instance:runners.TestRunner@69c81773]" started-at="2025-12-17T09:16:19 IST" name="setUpClass" finished-at="2025-12-17T09:16:20 IST" duration-ms="719" status="PASS">
          <params>
            <param index="0">
              <value>
                <![CDATA[org.testng.TestRunner@34cb0e49]]>
              </value>
            </param>
          </params>
          <reporter-output>
          </reporter-output>
        </test-method> <!-- setUpClass -->
        <test-method signature="runScenario(io.cucumber.testng.PickleWrapper,io.cucumber.testng.FeatureWrapper)[pri:0, instance:runners.TestRunner@69c81773]" started-at="2025-12-17T09:16:20 IST" name="runScenario" description="Runs Cucumber Scenarios" data-provider="scenarios" finished-at="2025-12-17T09:16:26 IST" duration-ms="6195" status="PASS">
          <params>
            <param index="0">
              <value>
                <![CDATA["Validate GET request response"]]>
              </value>
            </param>
            <param index="1">
              <value>
                <![CDATA["Basic GET API test"]]>
              </value>
            </param>
          </params>
          <reporter-output>
          </reporter-output>
        </test-method> <!-- runScenario -->
        <test-method signature="runScenario(io.cucumber.testng.PickleWrapper,io.cucumber.testng.FeatureWrapper)[pri:0, instance:runners.TestRunner@69c81773]" started-at="2025-12-17T09:16:26 IST" name="runScenario" description="Runs Cucumber Scenarios" data-provider="scenarios" finished-at="2025-12-17T09:16:29 IST" duration-ms="3112" status="PASS">
          <params>
            <param index="0">
              <value>
                <![CDATA["Create a new post"]]>
              </value>
            </param>
            <param index="1">
              <value>
                <![CDATA["Basic GET API test"]]>
              </value>
            </param>
          </params>
          <reporter-output>
          </reporter-output>
        </test-method> <!-- runScenario -->
        <test-method signature="runScenario(io.cucumber.testng.PickleWrapper,io.cucumber.testng.FeatureWrapper)[pri:0, instance:runners.TestRunner@69c81773]" started-at="2025-12-17T09:16:29 IST" name="runScenario" description="Runs Cucumber Scenarios" data-provider="scenarios" finished-at="2025-12-17T09:16:31 IST" duration-ms="2090" status="PASS">
          <params>
            <param index="0">
              <value>
                <![CDATA["Delete a post"]]>
              </value>
            </param>
            <param index="1">
              <value>
                <![CDATA["Basic GET API test"]]>
              </value>
            </param>
          </params>
          <reporter-output>
          </reporter-output>
        </test-method> <!-- runScenario -->
        <test-method signature="runScenario(io.cucumber.testng.PickleWrapper,io.cucumber.testng.FeatureWrapper)[pri:0, instance:runners.TestRunner@69c81773]" started-at="2025-12-17T09:16:31 IST" name="runScenario" description="Runs Cucumber Scenarios" data-provider="scenarios" finished-at="2025-12-17T09:16:34 IST" duration-ms="3077" status="PASS">
          <params>
            <param index="0">
              <value>
                <![CDATA["Update an existing post"]]>
              </value>
            </param>
            <param index="1">
              <value>
                <![CDATA["Basic GET API test"]]>
              </value>
            </param>
          </params>
          <reporter-output>
          </reporter-output>
        </test-method> <!-- runScenario -->
        <test-method is-config="true" signature="tearDownClass()[pri:0, instance:runners.TestRunner@69c81773]" started-at="2025-12-17T09:16:34 IST" name="tearDownClass" finished-at="2025-12-17T09:16:34 IST" duration-ms="35" status="PASS">
          <reporter-output>
          </reporter-output>
        </test-method> <!-- tearDownClass -->
      </class> <!-- runners.TestRunner -->
    </test> <!-- Default test -->
  </suite> <!-- Default suite -->
</testng-results>
