<?xml version="1.0" encoding="UTF-8"?>
<!-- Generated by org.testng.reporters.JUnitReportReporter -->
<testsuite hostname="DESKTOP-REOI6DG" failures="0" tests="4" name="runners.TestRunner" time="14.474" errors="0" timestamp="2025-12-17T09:16:35 IST" skipped="0">
  <testcase classname="runners.TestRunner" name="runScenario" time="3.077"/>
  <testcase classname="runners.TestRunner" name="runScenario" time="6.195"/>
  <testcase classname="runners.TestRunner" name="runScenario" time="2.090"/>
  <testcase classname="runners.TestRunner" name="runScenario" time="3.112"/>
</testsuite> <!-- runners.TestRunner -->
