<!DOCTYPE html PUBLIC "-//W3C//DTD XHTML 1.1//EN" "https://www.w3.org/TR/xhtml11/DTD/xhtml11.dtd">
<html xmlns="https://www.w3.org/1999/xhtml">
<head>
<meta http-equiv="content-type" content="text/html; charset=UTF-8"/>
<title>TestNG Report</title>
<style type="text/css">table {margin-bottom:10px;border-collapse:collapse;empty-cells:show}th,td {border:1px solid #009;padding:.25em .5em}th {vertical-align:bottom}td {vertical-align:top}table a {font-weight:bold}.stripe td {background-color: #E6EBF9}.num {text-align:right}.passedodd td {background-color: #3F3}.passedeven td {background-color: #0A0}.skippedodd td {background-color: #DDD}.skippedeven td {background-color: #CCC}.failedodd td,.attn {background-color: #F33}.failedeven td,.stripe .attn {background-color: #D00}.stacktrace {white-space:pre;font-family:monospace}.totop {font-size:85%;text-align:center;border-bottom:2px solid #000}.invisible {display:none}</style>
</head>
<body>
<table>
<tr><th>Test</th><th># Passed</th><th># Skipped</th><th># Retried</th><th># Failed</th><th>Time (ms)</th><th>Included Groups</th><th>Excluded Groups</th></tr>
<tr><th colspan="8">TestSuite</th></tr>
<tr><td><a href="#t0">NewTestChrome</a></td><td class="num">0</td><td class="num">0</td><td class="num">0</td><td class="num attn">2</td><td class="num">1,040</td><td>regression</td><td></td></tr>
<tr class="stripe"><td><a href="#t1">NewTestEdge2</a></td><td class="num">2</td><td class="num">0</td><td class="num">0</td><td class="num">0</td><td class="num">24,908</td><td></td><td></td></tr>
<tr><td><a href="#t2">NewTestEdge</a></td><td class="num">2</td><td class="num">0</td><td class="num">0</td><td class="num">0</td><td class="num">30,506</td><td></td><td></td></tr>
<tr><th>Total</th><th class="num">4</th><th class="num">0</th><th class="num">0</th><th class="num attn">2</th><th class="num">56,454</th><th colspan="2"></th></tr>
</table>
<table id='summary'><thead><tr><th>Class</th><th>Method</th><th>Start</th><th>Time (ms)</th></tr></thead><tbody><tr><th colspan="4">TestSuite</th></tr></tbody><tbody id="t0"><tr><th colspan="4">NewTestChrome &#8212; failed</th></tr><tr class="failedeven"><td rowspan="2">testNG.testNG.NewTest</td><td><a href="#m0">verify</a></td><td rowspan="2">1766135475850</td><td rowspan="2">19</td></tr><tr class="failedeven"><td><a href="#m1">verify</a></td></tr></tbody>
<tbody id="t1"><tr><th colspan="4">NewTestEdge2 &#8212; passed</th></tr><tr class="passedeven"><td rowspan="2">testNG.testNG.NewTest</td><td><a href="#m2">verify</a></td><td rowspan="2">1766135494073</td><td rowspan="2">6768</td></tr><tr class="passedeven"><td><a href="#m3">verify</a></td></tr></tbody>
<tbody id="t2"><tr><th colspan="4">NewTestEdge &#8212; passed</th></tr><tr class="passedeven"><td rowspan="2">testNG.testNG.NewTest</td><td><a href="#m4">verify</a></td><td rowspan="2">1766135485239</td><td rowspan="2">8972</td></tr><tr class="passedeven"><td><a href="#m5">verify</a></td></tr></tbody>
</table>
<h2>NewTestChrome</h2><h3 id="m0">testNG.testNG.NewTest#verify</h3><table class="result"><tr class="param"><th>Parameter #1</th><th>Parameter #2</th></tr><tr class="param stripe"><td>noonekoteswaraiah</td><td>noone</td></tr><tr><th colspan="2">Exception</th></tr><tr><td colspan="2"><div class="stacktrace">java.lang.NullPointerException: Cannot invoke &quot;org.openqa.selenium.WebDriver.findElement(org.openqa.selenium.By)&quot; because &quot;this.driver&quot; is null
	at testNG.testNG.NewTest.verify(NewTest.java:48)
	at java.base/java.util.ArrayList.forEach(ArrayList.java:1596)
	at java.base/java.util.concurrent.FutureTask.run(FutureTask.java:317)
	at java.base/java.util.concurrent.ThreadPoolExecutor.runWorker(ThreadPoolExecutor.java:1144)
	at java.base/java.util.concurrent.ThreadPoolExecutor$Worker.run(ThreadPoolExecutor.java:642)
	at java.base/java.lang.Thread.run(Thread.java:1583)
... Removed 15 stack frames</div></td></tr></table><p class="totop"><a href="#summary">back to summary</a></p>
<h3 id="m1">testNG.testNG.NewTest#verify</h3><table class="result"><tr class="param"><th>Parameter #1</th><th>Parameter #2</th></tr><tr class="param stripe"><td>noonekoteswaraiah</td><td>noone</td></tr><tr><th colspan="2">Exception</th></tr><tr><td colspan="2"><div class="stacktrace">java.lang.NullPointerException: Cannot invoke &quot;org.openqa.selenium.WebDriver.findElement(org.openqa.selenium.By)&quot; because &quot;this.driver&quot; is null
	at testNG.testNG.NewTest.verify(NewTest.java:48)
	at java.base/java.util.ArrayList.forEach(ArrayList.java:1596)
	at java.base/java.util.concurrent.FutureTask.run(FutureTask.java:317)
	at java.base/java.util.concurrent.ThreadPoolExecutor.runWorker(ThreadPoolExecutor.java:1144)
	at java.base/java.util.concurrent.ThreadPoolExecutor$Worker.run(ThreadPoolExecutor.java:642)
	at java.base/java.lang.Thread.run(Thread.java:1583)
... Removed 15 stack frames</div></td></tr></table><p class="totop"><a href="#summary">back to summary</a></p>
<h2>NewTestEdge2</h2><h3 id="m2">testNG.testNG.NewTest#verify</h3><table class="result"><tr class="param"><th>Parameter #1</th><th>Parameter #2</th></tr><tr class="param stripe"><td>noonekoteswaraiah</td><td>noone</td></tr></table><p class="totop"><a href="#summary">back to summary</a></p>
<h3 id="m3">testNG.testNG.NewTest#verify</h3><table class="result"><tr class="param"><th>Parameter #1</th><th>Parameter #2</th></tr><tr class="param stripe"><td>noonekoteswaraiah</td><td>noone</td></tr></table><p class="totop"><a href="#summary">back to summary</a></p>
<h2>NewTestEdge</h2><h3 id="m4">testNG.testNG.NewTest#verify</h3><table class="result"><tr class="param"><th>Parameter #1</th><th>Parameter #2</th></tr><tr class="param stripe"><td>noonekoteswaraiah</td><td>noone</td></tr></table><p class="totop"><a href="#summary">back to summary</a></p>
<h3 id="m5">testNG.testNG.NewTest#verify</h3><table class="result"><tr class="param"><th>Parameter #1</th><th>Parameter #2</th></tr><tr class="param stripe"><td>noonekoteswaraiah</td><td>noone</td></tr></table><p class="totop"><a href="#summary">back to summary</a></p>
</body>
</html>
